<?xml version="1.0" encoding="UTF-8"?>
<!-- Generated by org.testng.reporters.JUnitXMLReporter -->
<testsuite hostname="Nuthans-MacBook-Pro.local" ignored="0" name="Surefire test" tests="5" failures="0" timestamp="2023-10-11T20:33:23 IST" time="10.212" errors="0">
  <testcase name="createPlaylistWithExpiredAccessToken" time="7.674" classname="com.spotifyOauth2.tests.PlaylistTests"/>
  <testcase name="createPlaylistWithoutName" time="9.436" classname="com.spotifyOauth2.tests.PlaylistTests"/>
  <testcase name="updatePlaylist" time="9.644" classname="com.spotifyOauth2.tests.PlaylistTests"/>
  <testcase name="createPlaylist" time="9.731" classname="com.spotifyOauth2.tests.PlaylistTests"/>
  <testcase name="getAPlaylist" time="9.731" classname="com.spotifyOauth2.tests.PlaylistTests"/>
</testsuite> <!-- Surefire test -->
