<?xml version="1.0" encoding="UTF-8"?>
<testsuite xmlns:xsi="http://www.w3.org/2001/XMLSchema-instance" xsi:noNamespaceSchemaLocation="https://maven.apache.org/surefire/maven-surefire-plugin/xsd/surefire-test-report-3.0.xsd" version="3.0" name="TestSuite" time="12.174" tests="5" errors="0" skipped="0" failures="0">
  <properties>
[...]
</properties>
  <testcase name="createPlaylistWithExpiredAccessToken" classname="com.spotifyOauth2.tests.PlaylistTests" time="7.347">
    <system-out><![CDATA[Starting Test createPlaylist
Thread ID 14
Starting Test getAPlaylist
Thread ID 17
Starting Test updatePlaylist
Thread ID 18
Starting Test createPlaylistWithoutName
Thread ID 16
Starting Test createPlaylistWithExpiredAccessToken
Thread ID 15
Renewing access token
Request method:	POST
Request URI:	https://accounts.spotify.com/api/token
Proxy:			<none>
Request params:	<none>
Query params:	<none>
Form params:	refresh_token=AQBMInoEpH1CtB8bQ7D03C5QV0tORbkgqUMCYJEBL2qYdcarstqH97dgguF8Ipx2LchhUrBEqaeNDr9FCnvndWMkXlPWo528RcdEftN6vx8xeUDilI7CpLnmdIfEZNFmhw8
				grant_type=refresh_token
				client_secret=11c06c307b9f43b39ce7a1605109994f
				client_id=a0e1d1b79f7c41ebbe687fa3f594a3d3
Path params:	<none>
Headers:		Accept=*/*
				Content-Type=application/x-www-form-urlencoded; charset=ISO-8859-1
Cookies:		<none>
Multiparts:		<none>
Body:			<none>
Request method:	POST
Request URI:	https://api.spotify.com/v1/users/31lf3j7skmkw3u2ufszjbwwcdhqq/playlists
Proxy:			<none>
Request params:	<none>
Query params:	<none>
Form params:	<none>
Path params:	<none>
Headers:		Accept=*/*
				Content-Type=application/json
Cookies:		<none>
Multiparts:		<none>
Body:
{
    "description": "Description b0",
    "name": "Playlist  1",
    "public": false
}
HTTP/1.1 200 OK
date: Wed, 11 Oct 2023 15:03:20 GMT
content-type: application/json
vary: Accept-Encoding
set-cookie: __Host-device_id=AQChrVx7XcY0DwO8-Uj0ddvSdb0HixgZ9LPWbJzlSS5zeGvrC8mrbzXmCZtMqqNZ3Fm-102xsYzAZzBIbvPtjfarzZAlq7Cj848;Version=1;Path=/;Max-Age=2147483647;Secure;HttpOnly;SameSite=Lax
set-cookie: sp_tr=false;Version=1;Domain=accounts.spotify.com;Path=/;Secure;SameSite=Lax
sp-trace-id: b482b43bf608f029
content-encoding: gzip
x-envoy-upstream-service-time: 24
server: envoy
strict-transport-security: max-age=31536000
x-content-type-options: nosniff
Via: HTTP/2 edgeproxy, 1.1 google
Alt-Svc: h3=":443"; ma=2592000,h3-29=":443"; ma=2592000
Transfer-Encoding: chunked

{
    "access_token": "BQAV_RX3GVXiiTC4bSDtPIvnCHR3avg4Xo1AzcQHMTpLuFFa486Cly9IVwEAkmXNrxOwhSQufnHdT715kb1e5UFfun2lHTBOl6_5nV81c32CEsCiDASVJtOw4i3YjuQ483a_yYxPzhRMN7Jib7S_71PN7SSKLioHn1HO6MhxCdvFMCtmlGEu87b6eyJ5lMSQq_dKAZ32fYvpIDffPrdBX3NZytqY_IIDFDJS3DE8VIBwUz0c8vZqFILFW9o-TLDU3jYyF0TAZB6XKgMt",
    "token_type": "Bearer",
    "expires_in": 3600,
    "scope": "playlist-read-private playlist-read-collaborative playlist-modify-private playlist-modify-public"
}
HTTP/1.1 401 Unauthorized
www-authenticate: Bearer realm="spotify", error="invalid_token", error_description="Invalid access token"
access-control-allow-origin: *
access-control-allow-headers: Accept, App-Platform, Authorization, Content-Type, Origin, Retry-After, Spotify-App-Version, X-Cloud-Trace-Context, client-token, content-access-token
access-control-allow-methods: GET, POST, OPTIONS, PUT, DELETE, PATCH
access-control-allow-credentials: true
access-control-max-age: 604800
content-type: application/json
content-encoding: gzip
strict-transport-security: max-age=31536000
x-content-type-options: nosniff
date: Wed, 11 Oct 2023 15:03:20 GMT
server: envoy
Via: HTTP/2 edgeproxy, 1.1 google
Alt-Svc: h3=":443"; ma=2592000,h3-29=":443"; ma=2592000
Transfer-Encoding: chunked

{
    "error": {
        "status": 401,
        "message": "Invalid access token"
    }
}
]]></system-out>
    <system-err><![CDATA[SLF4J: Failed to load class "org.slf4j.impl.StaticLoggerBinder".
SLF4J: Defaulting to no-operation (NOP) logger implementation
SLF4J: See http://www.slf4j.org/codes.html#StaticLoggerBinder for further details.
Oct 11, 2023 8:33:15 PM org.aspectj.weaver.tools.Jdk14Trace error
SEVERE: org/codehaus/groovy/runtime/callsite/AbstractCallSite
java.lang.RuntimeException: bad non-abstract method with no code: void org.codehaus.groovy.runtime.callsite.AbstractCallSite.<init>(org.codehaus.groovy.runtime.callsite.CallSiteArray, int, java.lang.String) on public class org.codehaus.groovy.runtime.callsite.AbstractCallSite
	at org.aspectj.weaver.bcel.LazyMethodGen.<init>(LazyMethodGen.java:221)
	at org.aspectj.weaver.bcel.LazyClassGen.<init>(LazyClassGen.java:360)
	at org.aspectj.weaver.bcel.BcelObjectType.getLazyClassGen(BcelObjectType.java:561)
	at org.aspectj.weaver.bcel.BcelWeaver.weave(BcelWeaver.java:1699)
	at org.aspectj.weaver.bcel.BcelWeaver.weaveWithoutDump(BcelWeaver.java:1650)
	at org.aspectj.weaver.bcel.BcelWeaver.weaveAndNotify(BcelWeaver.java:1417)
	at org.aspectj.weaver.bcel.BcelWeaver.weave(BcelWeaver.java:1192)
	at org.aspectj.weaver.tools.WeavingAdaptor.getWovenBytes(WeavingAdaptor.java:549)
	at org.aspectj.weaver.tools.WeavingAdaptor.weaveClass(WeavingAdaptor.java:385)
	at org.aspectj.weaver.loadtime.Aj.preProcess(Aj.java:116)
	at org.aspectj.weaver.loadtime.ClassPreProcessorAgentAdapter.transform(ClassPreProcessorAgentAdapter.java:51)
	at sun.instrument.TransformerManager.transform(TransformerManager.java:188)
	at sun.instrument.InstrumentationImpl.transform(InstrumentationImpl.java:428)
	at java.lang.ClassLoader.defineClass1(Native Method)
	at java.lang.ClassLoader.defineClass(ClassLoader.java:763)
	at java.lang.ClassLoader.defineClass(ClassLoader.java:642)
	at org.codehaus.groovy.reflection.SunClassLoader.define(SunClassLoader.java:105)
	at org.codehaus.groovy.runtime.callsite.GroovySunClassLoader.loadAbstract(GroovySunClassLoader.java:78)
	at org.codehaus.groovy.runtime.callsite.GroovySunClassLoader.<init>(GroovySunClassLoader.java:59)
	at org.codehaus.groovy.runtime.callsite.GroovySunClassLoader.<init>(GroovySunClassLoader.java:54)
	at org.codehaus.groovy.runtime.callsite.GroovySunClassLoader.lambda$static$0(GroovySunClassLoader.java:40)
	at java.security.AccessController.doPrivileged(Native Method)
	at org.codehaus.groovy.runtime.callsite.GroovySunClassLoader.doPrivileged(GroovySunClassLoader.java:50)
	at org.codehaus.groovy.runtime.callsite.GroovySunClassLoader.<clinit>(GroovySunClassLoader.java:37)
	at org.codehaus.groovy.runtime.callsite.CallSiteGenerator.isCompilable(CallSiteGenerator.java:252)
	at org.codehaus.groovy.reflection.CachedMethod.createStaticMetaMethodSite(CachedMethod.java:302)
	at org.codehaus.groovy.runtime.callsite.StaticMetaMethodSite.createStaticMetaMethodSite(StaticMetaMethodSite.java:114)
	at groovy.lang.MetaClassImpl.createStaticSite(MetaClassImpl.java:3593)
	at org.codehaus.groovy.runtime.callsite.CallSiteArray.createCallStaticSite(CallSiteArray.java:72)
	at org.codehaus.groovy.runtime.callsite.CallSiteArray.createCallSite(CallSiteArray.java:159)
	at org.codehaus.groovy.runtime.callsite.CallSiteArray.defaultCall(CallSiteArray.java:45)
	at org.codehaus.groovy.runtime.callsite.AbstractCallSite.call(AbstractCallSite.java:125)
	at org.codehaus.groovy.runtime.callsite.AbstractCallSite.call(AbstractCallSite.java:130)
	at io.restassured.internal.common.assertion.AssertParameter.notNull(AssertParameter.groovy:21)
	at io.restassured.config.SSLConfig.<init>(SSLConfig.java:201)
	at io.restassured.config.SSLConfig.<init>(SSLConfig.java:193)
	at io.restassured.config.RestAssuredConfig.<init>(RestAssuredConfig.java:41)
	at io.restassured.RestAssured.<clinit>(RestAssured.java:422)
	at io.restassured.builder.RequestSpecBuilder.<init>(RequestSpecBuilder.java:79)
	at com.spotifyOauth2.api.SpecBuilder.getAccountRequestSpec(SpecBuilder.java:30)
	at com.spotifyOauth2.api.RestResource.postAccount(RestResource.java:58)
	at com.spotifyOauth2.api.TokenManager.renewToken(TokenManager.java:27)
	at com.spotifyOauth2.api.TokenManager.getToken(TokenManager.java:48)
	at com.spotifyOauth2.api.applicationApi.PlaylistApi.get(PlaylistApi.java:36)
	at com.spotifyOauth2.tests.PlaylistTests.getAPlaylist(PlaylistTests.java:58)
	at sun.reflect.NativeMethodAccessorImpl.invoke0(Native Method)
	at sun.reflect.NativeMethodAccessorImpl.invoke(NativeMethodAccessorImpl.java:62)
	at sun.reflect.DelegatingMethodAccessorImpl.invoke(DelegatingMethodAccessorImpl.java:43)
	at java.lang.reflect.Method.invoke(Method.java:498)
	at org.testng.internal.MethodInvocationHelper.invokeMethod(MethodInvocationHelper.java:134)
	at org.testng.internal.TestInvoker.invokeMethod(TestInvoker.java:597)
	at org.testng.internal.TestInvoker.invokeTestMethod(TestInvoker.java:173)
	at org.testng.internal.MethodRunner.runInSequence(MethodRunner.java:46)
	at org.testng.internal.TestInvoker$MethodInvocationAgent.invoke(TestInvoker.java:816)
	at org.testng.internal.TestInvoker.invokeTestMethods(TestInvoker.java:146)
	at org.testng.internal.TestMethodWorker.invokeTestMethods(TestMethodWorker.java:146)
	at org.testng.internal.TestMethodWorker.run(TestMethodWorker.java:128)
	at java.util.concurrent.ThreadPoolExecutor.runWorker(ThreadPoolExecutor.java:1149)
	at java.util.concurrent.ThreadPoolExecutor$Worker.run(ThreadPoolExecutor.java:624)
	at java.lang.Thread.run(Thread.java:748)

Oct 11, 2023 8:33:15 PM org.aspectj.weaver.tools.Jdk14Trace info
INFO: Dumping to /Users/nuthancs/Documents/RestAssuredSpotify/./ajcore.20231011.203315.364.txt
]]></system-err>
  </testcase>
  <testcase name="createPlaylistWithoutName" classname="com.spotifyOauth2.tests.PlaylistTests" time="9.038">
    <system-out><![CDATA[Token is valid
Token is valid
Token is valid
Request method:	GET
Request URI:	https://api.spotify.com/v1/playlists/5bEMJ5no0gWTtihNMefScX
Proxy:			<none>
Request params:	<none>
Query params:	<none>
Form params:	<none>
Path params:	<none>
Headers:		Accept=*/*
				Content-Type=application/json
Cookies:		<none>
Multiparts:		<none>
Body:			<none>
Request method:	POST
Request URI:	https://api.spotify.com/v1/users/31lf3j7skmkw3u2ufszjbwwcdhqq/playlists
Proxy:			<none>
Request params:	<none>
Query params:	<none>
Form params:	<none>
Path params:	<none>
Headers:		Accept=*/*
				Content-Type=application/json
Cookies:		<none>
Multiparts:		<none>
Body:
{
    "description": "Description _0",
    "name": "",
    "public": false
}
Request method:	PUT
Request URI:	https://api.spotify.com/v1/playlists/0dV4EjW7WfmHGGDLRot3Pz
Proxy:			<none>
Request params:	<none>
Query params:	<none>
Form params:	<none>
Path params:	<none>
Headers:		Accept=*/*
				Content-Type=application/json
Cookies:		<none>
Multiparts:		<none>
Body:
{
    "description": "Description b0",
    "name": "Playlist  1",
    "public": false
}
Request method:	POST
Request URI:	https://api.spotify.com/v1/users/31lf3j7skmkw3u2ufszjbwwcdhqq/playlists
Proxy:			<none>
Request params:	<none>
Query params:	<none>
Form params:	<none>
Path params:	<none>
Headers:		Accept=*/*
				Content-Type=application/json
Cookies:		<none>
Multiparts:		<none>
Body:
{
    "description": "Description  0",
    "name": "Playlist ,0",
    "public": false
}
HTTP/1.1 400 Bad Request
content-type: application/json; charset=utf-8
cache-control: private, max-age=0
x-robots-tag: noindex, nofollow
access-control-allow-origin: *
access-control-allow-headers: Accept, App-Platform, Authorization, Content-Type, Origin, Retry-After, Spotify-App-Version, X-Cloud-Trace-Context, client-token, content-access-token
access-control-allow-methods: GET, POST, OPTIONS, PUT, DELETE, PATCH
access-control-allow-credentials: true
access-control-max-age: 604800
content-encoding: gzip
strict-transport-security: max-age=31536000
x-content-type-options: nosniff
date: Wed, 11 Oct 2023 15:03:22 GMT
server: envoy
Via: HTTP/2 edgeproxy, 1.1 google
Alt-Svc: h3=":443"; ma=2592000,h3-29=":443"; ma=2592000
Transfer-Encoding: chunked

{
    "error": {
        "status": 400,
        "message": "Missing required field: name"
    }
}
]]></system-out>
  </testcase>
  <testcase name="updatePlaylist" classname="com.spotifyOauth2.tests.PlaylistTests" time="9.254">
    <system-out><![CDATA[HTTP/1.1 200 OK
content-type: application/json; charset=utf-8
cache-control: public, max-age=0
etag: "MC-IjE1OGM1YjkwMTIxM2UyYjZiZTE1YTA1MGNlZjdhMDAzIg=="
x-robots-tag: noindex, nofollow
access-control-allow-origin: *
access-control-allow-headers: Accept, App-Platform, Authorization, Content-Type, Origin, Retry-After, Spotify-App-Version, X-Cloud-Trace-Context, client-token, content-access-token
access-control-allow-methods: GET, POST, OPTIONS, PUT, DELETE, PATCH
access-control-allow-credentials: true
access-control-max-age: 604800
content-encoding: gzip
strict-transport-security: max-age=31536000
x-content-type-options: nosniff
date: Wed, 11 Oct 2023 15:03:22 GMT
server: envoy
Via: HTTP/2 edgeproxy, 1.1 google
Alt-Svc: h3=":443"; ma=2592000,h3-29=":443"; ma=2592000
Transfer-Encoding: chunked

{
    "collaborative": false,
    "description": "Updated playlist description",
    "external_urls": {
        "spotify": "https://open.spotify.com/playlist/5bEMJ5no0gWTtihNMefScX"
    },
    "followers": {
        "href": null,
        "total": 0
    },
    "href": "https://api.spotify.com/v1/playlists/5bEMJ5no0gWTtihNMefScX",
    "id": "5bEMJ5no0gWTtihNMefScX",
    "images": [
        
    ],
    "name": "Modified Playlist Name",
    "owner": {
        "display_name": "Nuthan",
        "external_urls": {
            "spotify": "https://open.spotify.com/user/31lf3j7skmkw3u2ufszjbwwcdhqq"
        },
        "href": "https://api.spotify.com/v1/users/31lf3j7skmkw3u2ufszjbwwcdhqq",
        "id": "31lf3j7skmkw3u2ufszjbwwcdhqq",
        "type": "user",
        "uri": "spotify:user:31lf3j7skmkw3u2ufszjbwwcdhqq"
    },
    "primary_color": null,
    "public": false,
    "snapshot_id": "NiwwNTA2YTdhYzJiMzMzYTI3OTcyYTQzODIwMDg4Njk5ZDNhMzgzZWVl",
    "tracks": {
        "href": "https://api.spotify.com/v1/playlists/5bEMJ5no0gWTtihNMefScX/tracks?offset=0&limit=100",
        "items": [
            
        ],
        "limit": 100,
        "next": null,
        "offset": 0,
        "previous": null,
        "total": 0
    },
    "type": "playlist",
    "uri": "spotify:playlist:5bEMJ5no0gWTtihNMefScX"
}
HTTP/1.1 200 OK
cache-control: private, max-age=0
x-robots-tag: noindex, nofollow
access-control-allow-origin: *
access-control-allow-headers: Accept, App-Platform, Authorization, Content-Type, Origin, Retry-After, Spotify-App-Version, X-Cloud-Trace-Context, client-token, content-access-token
access-control-allow-methods: GET, POST, OPTIONS, PUT, DELETE, PATCH
access-control-allow-credentials: true
access-control-max-age: 604800
Content-Length: 0
strict-transport-security: max-age=31536000
x-content-type-options: nosniff
date: Wed, 11 Oct 2023 15:03:22 GMT
server: envoy
Via: HTTP/2 edgeproxy, 1.1 google
Alt-Svc: h3=":443"; ma=2592000,h3-29=":443"; ma=2592000
]]></system-out>
  </testcase>
  <testcase name="getAPlaylist" classname="com.spotifyOauth2.tests.PlaylistTests" time="9.332">
    <system-out><![CDATA[HTTP/1.1 201 Created
content-type: application/json; charset=utf-8
cache-control: private, max-age=0
location: https://api.spotify.com/v1/playlists/2J9Z0cxZ8BBkYPHtfybKfz
x-robots-tag: noindex, nofollow
access-control-allow-origin: *
access-control-allow-headers: Accept, App-Platform, Authorization, Content-Type, Origin, Retry-After, Spotify-App-Version, X-Cloud-Trace-Context, client-token, content-access-token
access-control-allow-methods: GET, POST, OPTIONS, PUT, DELETE, PATCH
access-control-allow-credentials: true
access-control-max-age: 604800
content-encoding: gzip
strict-transport-security: max-age=31536000
x-content-type-options: nosniff
date: Wed, 11 Oct 2023 15:03:22 GMT
server: envoy
Via: HTTP/2 edgeproxy, 1.1 google
Alt-Svc: h3=":443"; ma=2592000,h3-29=":443"; ma=2592000
Transfer-Encoding: chunked

{
    "collaborative": false,
    "description": "Description  0",
    "external_urls": {
        "spotify": "https://open.spotify.com/playlist/2J9Z0cxZ8BBkYPHtfybKfz"
    },
    "followers": {
        "href": null,
        "total": 0
    },
    "href": "https://api.spotify.com/v1/playlists/2J9Z0cxZ8BBkYPHtfybKfz",
    "id": "2J9Z0cxZ8BBkYPHtfybKfz",
    "images": [
        
    ],
    "name": "Playlist ,0",
    "owner": {
        "display_name": "Nuthan",
        "external_urls": {
            "spotify": "https://open.spotify.com/user/31lf3j7skmkw3u2ufszjbwwcdhqq"
        },
        "href": "https://api.spotify.com/v1/users/31lf3j7skmkw3u2ufszjbwwcdhqq",
        "id": "31lf3j7skmkw3u2ufszjbwwcdhqq",
        "type": "user",
        "uri": "spotify:user:31lf3j7skmkw3u2ufszjbwwcdhqq"
    },
    "primary_color": null,
    "public": false,
    "snapshot_id": "MSxiNzg1NWRkYWY5MjBkNmVjMDZkMTU5NTk2MTQzYWEzNDM1NGFkY2Ri",
    "tracks": {
        "href": "https://api.spotify.com/v1/playlists/2J9Z0cxZ8BBkYPHtfybKfz/tracks",
        "items": [
            
        ],
        "limit": 100,
        "next": null,
        "offset": 0,
        "previous": null,
        "total": 0
    },
    "type": "playlist",
    "uri": "spotify:playlist:2J9Z0cxZ8BBkYPHtfybKfz"
}
]]></system-out>
  </testcase>
  <testcase name="createPlaylist" classname="com.spotifyOauth2.tests.PlaylistTests" time="9.335"/>
</testsuite>